# JRE version: Java(TM) SE Runtime Environment (8.0_51-b16) (build 1.8.0_51-b16)
# Java VM: Java HotSpot(TM) 64-Bit Server VM (25.51-b03 mixed mode windows-amd64 compressed oops)
Heap:
 PSYoungGen      total 40960K, used 9905K [0x00000000eb500000, 0x00000000f0500000, 0x0000000100000000)
  eden space 32768K, 22% used [0x00000000eb500000,0x00000000ebc0c430,0x00000000ed500000)
  from space 8192K, 32% used [0x00000000ed500000,0x00000000ed7a0020,0x00000000edd00000)
  to   space 8192K, 0% used [0x00000000efd00000,0x00000000efd00000,0x00000000f0500000)
 ParOldGen       total 44032K, used 13688K [0x00000000c1e00000, 0x00000000c4900000, 0x00000000eb500000)
  object space 44032K, 31% used [0x00000000c1e00000,0x00000000c2b5e110,0x00000000c4900000)
 Metaspace       used 18422K, capacity 18990K, committed 19200K, reserved 1067008K
  class space    used 2337K, capacity 2504K, committed 2560K, reserved 1048576K
GC Heap History (10 events):
Event: 6.218 GC heap before
{Heap before GC invocations=3 (full 0):
 PSYoungGen      total 18944K, used 18928K [0x00000000eb500000, 0x00000000eca00000, 0x0000000100000000)
  eden space 16384K, 100% used [0x00000000eb500000,0x00000000ec500000,0x00000000ec500000)
  from space 2560K, 99% used [0x00000000ec780000,0x00000000ec9fc030,0x00000000eca00000)
  to   space 2560K, 0% used [0x00000000ec500000,0x00000000ec500000,0x00000000ec780000)
 ParOldGen       total 44032K, used 3787K [0x00000000c1e00000, 0x00000000c4900000, 0x00000000eb500000)
  object space 44032K, 8% used [0x00000000c1e00000,0x00000000c21b2d10,0x00000000c4900000)
 Metaspace       used 16616K, capacity 17138K, committed 17408K, reserved 1064960K
  class space    used 2141K, capacity 2276K, committed 2304K, reserved 1048576K
Event: 6.224 GC heap after
Heap after GC invocations=3 (full 0):
 PSYoungGen      total 18944K, used 2528K [0x00000000eb500000, 0x00000000eca00000, 0x0000000100000000)
  eden space 16384K, 0% used [0x00000000eb500000,0x00000000eb500000,0x00000000ec500000)
  from space 2560K, 98% used [0x00000000ec500000,0x00000000ec778020,0x00000000ec780000)
  to   space 2560K, 0% used [0x00000000ec780000,0x00000000ec780000,0x00000000eca00000)
 ParOldGen       total 44032K, used 4839K [0x00000000c1e00000, 0x00000000c4900000, 0x00000000eb500000)
  object space 44032K, 10% used [0x00000000c1e00000,0x00000000c22b9d10,0x00000000c4900000)
 Metaspace       used 16616K, capacity 17138K, committed 17408K, reserved 1064960K
  class space    used 2141K, capacity 2276K, committed 2304K, reserved 1048576K
}
Event: 6.437 GC heap before
{Heap before GC invocations=4 (full 0):
 PSYoungGen      total 18944K, used 17810K [0x00000000eb500000, 0x00000000eca00000, 0x0000000100000000)
  eden space 16384K, 93% used [0x00000000eb500000,0x00000000ec3ec9e0,0x00000000ec500000)
  from space 2560K, 98% used [0x00000000ec500000,0x00000000ec778020,0x00000000ec780000)
  to   space 2560K, 0% used [0x00000000ec780000,0x00000000ec780000,0x00000000eca00000)
 ParOldGen       total 44032K, used 4839K [0x00000000c1e00000, 0x00000000c4900000, 0x00000000eb500000)
  object space 44032K, 10% used [0x00000000c1e00000,0x00000000c22b9d10,0x00000000c4900000)
 Metaspace       used 18333K, capacity 18910K, committed 19200K, reserved 1067008K
  class space    used 2336K, capacity 2502K, committed 2560K, reserved 1048576K
Event: 6.443 GC heap after
Heap after GC invocations=4 (full 0):
 PSYoungGen      total 18944K, used 2544K [0x00000000eb500000, 0x00000000eca00000, 0x0000000100000000)
  eden space 16384K, 0% used [0x00000000eb500000,0x00000000eb500000,0x00000000ec500000)
  from space 2560K, 99% used [0x00000000ec780000,0x00000000ec9fc010,0x00000000eca00000)
  to   space 2560K, 0% used [0x00000000ec500000,0x00000000ec500000,0x00000000ec780000)
 ParOldGen       total 44032K, used 10135K [0x00000000c1e00000, 0x00000000c4900000, 0x00000000eb500000)
  object space 44032K, 23% used [0x00000000c1e00000,0x00000000c27e5fa0,0x00000000c4900000)
 Metaspace       used 18333K, capacity 18910K, committed 19200K, reserved 1067008K
  class space    used 2336K, capacity 2502K, committed 2560K, reserved 1048576K
}
Event: 6.676 GC heap before
{Heap before GC invocations=5 (full 0):
 PSYoungGen      total 18944K, used 18640K [0x00000000eb500000, 0x00000000eca00000, 0x0000000100000000)
  eden space 16384K, 98% used [0x00000000eb500000,0x00000000ec4b8228,0x00000000ec500000)
  from space 2560K, 99% used [0x00000000ec780000,0x00000000ec9fc010,0x00000000eca00000)
  to   space 2560K, 0% used [0x00000000ec500000,0x00000000ec500000,0x00000000ec780000)
 ParOldGen       total 44032K, used 10135K [0x00000000c1e00000, 0x00000000c4900000, 0x00000000eb500000)
  object space 44032K, 23% used [0x00000000c1e00000,0x00000000c27e5fa0,0x00000000c4900000)
 Metaspace       used 18343K, capacity 18910K, committed 19200K, reserved 1067008K
  class space    used 2336K, capacity 2502K, committed 2560K, reserved 1048576K
Event: 6.681 GC heap after
Heap after GC invocations=5 (full 0):
 PSYoungGen      total 18944K, used 2544K [0x00000000eb500000, 0x00000000ee600000, 0x0000000100000000)
  eden space 16384K, 0% used [0x00000000eb500000,0x00000000eb500000,0x00000000ec500000)
  from space 2560K, 99% used [0x00000000ec500000,0x00000000ec77c010,0x00000000ec780000)
  to   space 8704K, 0% used [0x00000000edd80000,0x00000000edd80000,0x00000000ee600000)
 ParOldGen       total 44032K, used 12567K [0x00000000c1e00000, 0x00000000c4900000, 0x00000000eb500000)
  object space 44032K, 28% used [0x00000000c1e00000,0x00000000c2a45fd0,0x00000000c4900000)
 Metaspace       used 18343K, capacity 18910K, committed 19200K, reserved 1067008K
  class space    used 2336K, capacity 2502K, committed 2560K, reserved 1048576K
}
Event: 6.895 GC heap before
{Heap before GC invocations=6 (full 0):
 PSYoungGen      total 18944K, used 18512K [0x00000000eb500000, 0x00000000ee600000, 0x0000000100000000)
  eden space 16384K, 97% used [0x00000000eb500000,0x00000000ec4981d0,0x00000000ec500000)
  from space 2560K, 99% used [0x00000000ec500000,0x00000000ec77c010,0x00000000ec780000)
  to   space 8704K, 0% used [0x00000000edd80000,0x00000000edd80000,0x00000000ee600000)
 ParOldGen       total 44032K, used 12567K [0x00000000c1e00000, 0x00000000c4900000, 0x00000000eb500000)
  object space 44032K, 28% used [0x00000000c1e00000,0x00000000c2a45fd0,0x00000000c4900000)
 Metaspace       used 18353K, capacity 18910K, committed 19200K, reserved 1067008K
  class space    used 2336K, capacity 2502K, committed 2560K, reserved 1048576K
Event: 6.899 GC heap after
Heap after GC invocations=6 (full 0):
 PSYoungGen      total 40448K, used 3776K [0x00000000eb500000, 0x00000000ee500000, 0x0000000100000000)
  eden space 32768K, 0% used [0x00000000eb500000,0x00000000eb500000,0x00000000ed500000)
  from space 7680K, 49% used [0x00000000edd80000,0x00000000ee130020,0x00000000ee500000)
  to   space 8192K, 0% used [0x00000000ed500000,0x00000000ed500000,0x00000000edd00000)
 ParOldGen       total 44032K, used 12567K [0x00000000c1e00000, 0x00000000c4900000, 0x00000000eb500000)
  object space 44032K, 28% used [0x00000000c1e00000,0x00000000c2a45fd0,0x00000000c4900000)
 Metaspace       used 18353K, capacity 18910K, committed 19200K, reserved 1067008K
  class space    used 2336K, capacity 2502K, committed 2560K, reserved 1048576K
}
Event: 7.328 GC heap before
{Heap before GC invocations=7 (full 0):
 PSYoungGen      total 40448K, used 35844K [0x00000000eb500000, 0x00000000ee500000, 0x0000000100000000)
  eden space 32768K, 97% used [0x00000000eb500000,0x00000000ed451208,0x00000000ed500000)
  from space 7680K, 49% used [0x00000000edd80000,0x00000000ee130020,0x00000000ee500000)
  to   space 8192K, 0% used [0x00000000ed500000,0x00000000ed500000,0x00000000edd00000)
 ParOldGen       total 44032K, used 12567K [0x00000000c1e00000, 0x00000000c4900000, 0x00000000eb500000)
  object space 44032K, 28% used [0x00000000c1e00000,0x00000000c2a45fd0,0x00000000c4900000)
 Metaspace       used 18385K, capacity 18978K, committed 19200K, reserved 1067008K
  class space    used 2336K, capacity 2502K, committed 2560K, reserved 1048576K
Event: 7.332 GC heap after
Heap after GC invocations=7 (full 0):
 PSYoungGen      total 40960K, used 2688K [0x00000000eb500000, 0x00000000f0500000, 0x0000000100000000)
  eden space 32768K, 0% used [0x00000000eb500000,0x00000000eb500000,0x00000000ed500000)
  from space 8192K, 32% used [0x00000000ed500000,0x00000000ed7a0020,0x00000000edd00000)
  to   space 8192K, 0% used [0x00000000efd00000,0x00000000efd00000,0x00000000f0500000)
 ParOldGen       total 44032K, used 13688K [0x00000000c1e00000, 0x00000000c4900000, 0x00000000eb500000)
  object space 44032K, 31% used [0x00000000c1e00000,0x00000000c2b5e110,0x00000000c4900000)
 Metaspace       used 18385K, capacity 18978K, committed 19200K, reserved 1067008K
  class space    used 2336K, capacity 2502K, committed 2560K, reserved 1048576K
}

