# JRE version: Java(TM) SE Runtime Environment (8.0_51-b16) (build 1.8.0_51-b16)
# Java VM: Java HotSpot(TM) 64-Bit Server VM (25.51-b03 mixed mode windows-amd64 compressed oops)
Heap:
 PSYoungGen      total 67072K, used 9024K [0x00000000eb500000, 0x00000000f0080000, 0x0000000100000000)
  eden space 60928K, 12% used [0x00000000eb500000,0x00000000ebc8c330,0x00000000ef080000)
  from space 6144K, 21% used [0x00000000efa80000,0x00000000efbc4010,0x00000000f0080000)
  to   space 8192K, 0% used [0x00000000ef080000,0x00000000ef080000,0x00000000ef880000)
 ParOldGen       total 44032K, used 13572K [0x00000000c1e00000, 0x00000000c4900000, 0x00000000eb500000)
  object space 44032K, 30% used [0x00000000c1e00000,0x00000000c2b41110,0x00000000c4900000)
 Metaspace       used 18626K, capacity 19184K, committed 19456K, reserved 1067008K
  class space    used 2334K, capacity 2505K, committed 2560K, reserved 1048576K
GC Heap History (10 events):
Event: 5.452 GC heap before
{Heap before GC invocations=6 (full 0):
 PSYoungGen      total 18944K, used 18513K [0x00000000eb500000, 0x00000000ee500000, 0x0000000100000000)
  eden space 16384K, 97% used [0x00000000eb500000,0x00000000ec498550,0x00000000ec500000)
  from space 2560K, 99% used [0x00000000ec500000,0x00000000ec77c030,0x00000000ec780000)
  to   space 8192K, 0% used [0x00000000edd00000,0x00000000edd00000,0x00000000ee500000)
 ParOldGen       total 44032K, used 11019K [0x00000000c1e00000, 0x00000000c4900000, 0x00000000eb500000)
  object space 44032K, 25% used [0x00000000c1e00000,0x00000000c28c2fa0,0x00000000c4900000)
 Metaspace       used 18360K, capacity 18914K, committed 19200K, reserved 1067008K
  class space    used 2332K, capacity 2502K, committed 2560K, reserved 1048576K
Event: 5.460 GC heap after
Heap after GC invocations=6 (full 0):
 PSYoungGen      total 40960K, used 4992K [0x00000000eb500000, 0x00000000ee500000, 0x0000000100000000)
  eden space 32768K, 0% used [0x00000000eb500000,0x00000000eb500000,0x00000000ed500000)
  from space 8192K, 60% used [0x00000000edd00000,0x00000000ee1e0040,0x00000000ee500000)
  to   space 8192K, 0% used [0x00000000ed500000,0x00000000ed500000,0x00000000edd00000)
 ParOldGen       total 44032K, used 11019K [0x00000000c1e00000, 0x00000000c4900000, 0x00000000eb500000)
  object space 44032K, 25% used [0x00000000c1e00000,0x00000000c28c2fa0,0x00000000c4900000)
 Metaspace       used 18360K, capacity 18914K, committed 19200K, reserved 1067008K
  class space    used 2332K, capacity 2502K, committed 2560K, reserved 1048576K
}
Event: 5.877 GC heap before
{Heap before GC invocations=7 (full 0):
 PSYoungGen      total 40960K, used 36897K [0x00000000eb500000, 0x00000000ee500000, 0x0000000100000000)
  eden space 32768K, 97% used [0x00000000eb500000,0x00000000ed428610,0x00000000ed500000)
  from space 8192K, 60% used [0x00000000edd00000,0x00000000ee1e0040,0x00000000ee500000)
  to   space 8192K, 0% used [0x00000000ed500000,0x00000000ed500000,0x00000000edd00000)
 ParOldGen       total 44032K, used 11019K [0x00000000c1e00000, 0x00000000c4900000, 0x00000000eb500000)
  object space 44032K, 25% used [0x00000000c1e00000,0x00000000c28c2fa0,0x00000000c4900000)
 Metaspace       used 18371K, capacity 18914K, committed 19200K, reserved 1067008K
  class space    used 2332K, capacity 2502K, committed 2560K, reserved 1048576K
Event: 5.882 GC heap after
Heap after GC invocations=7 (full 0):
 PSYoungGen      total 40960K, used 2784K [0x00000000eb500000, 0x00000000f0500000, 0x0000000100000000)
  eden space 32768K, 0% used [0x00000000eb500000,0x00000000eb500000,0x00000000ed500000)
  from space 8192K, 33% used [0x00000000ed500000,0x00000000ed7b8020,0x00000000edd00000)
  to   space 8192K, 0% used [0x00000000efd00000,0x00000000efd00000,0x00000000f0500000)
 ParOldGen       total 44032K, used 13220K [0x00000000c1e00000, 0x00000000c4900000, 0x00000000eb500000)
  object space 44032K, 30% used [0x00000000c1e00000,0x00000000c2ae9110,0x00000000c4900000)
 Metaspace       used 18371K, capacity 18914K, committed 19200K, reserved 1067008K
  class space    used 2332K, capacity 2502K, committed 2560K, reserved 1048576K
}
Event: 6.336 GC heap before
{Heap before GC invocations=8 (full 0):
 PSYoungGen      total 40960K, used 34758K [0x00000000eb500000, 0x00000000f0500000, 0x0000000100000000)
  eden space 32768K, 97% used [0x00000000eb500000,0x00000000ed439950,0x00000000ed500000)
  from space 8192K, 33% used [0x00000000ed500000,0x00000000ed7b8020,0x00000000edd00000)
  to   space 8192K, 0% used [0x00000000efd00000,0x00000000efd00000,0x00000000f0500000)
 ParOldGen       total 44032K, used 13220K [0x00000000c1e00000, 0x00000000c4900000, 0x00000000eb500000)
  object space 44032K, 30% used [0x00000000c1e00000,0x00000000c2ae9110,0x00000000c4900000)
 Metaspace       used 18396K, capacity 18978K, committed 19200K, reserved 1067008K
  class space    used 2332K, capacity 2502K, committed 2560K, reserved 1048576K
Event: 6.339 GC heap after
Heap after GC invocations=8 (full 0):
 PSYoungGen      total 73728K, used 2496K [0x00000000eb500000, 0x00000000f0500000, 0x0000000100000000)
  eden space 65536K, 0% used [0x00000000eb500000,0x00000000eb500000,0x00000000ef500000)
  from space 8192K, 30% used [0x00000000efd00000,0x00000000eff70020,0x00000000f0500000)
  to   space 8192K, 0% used [0x00000000ef500000,0x00000000ef500000,0x00000000efd00000)
 ParOldGen       total 44032K, used 13548K [0x00000000c1e00000, 0x00000000c4900000, 0x00000000eb500000)
  object space 44032K, 30% used [0x00000000c1e00000,0x00000000c2b3b110,0x00000000c4900000)
 Metaspace       used 18396K, capacity 18978K, committed 19200K, reserved 1067008K
  class space    used 2332K, capacity 2502K, committed 2560K, reserved 1048576K
}
Event: 7.268 GC heap before
{Heap before GC invocations=9 (full 0):
 PSYoungGen      total 73728K, used 67552K [0x00000000eb500000, 0x00000000f0500000, 0x0000000100000000)
  eden space 65536K, 99% used [0x00000000eb500000,0x00000000ef488200,0x00000000ef500000)
  from space 8192K, 30% used [0x00000000efd00000,0x00000000eff70020,0x00000000f0500000)
  to   space 8192K, 0% used [0x00000000ef500000,0x00000000ef500000,0x00000000efd00000)
 ParOldGen       total 44032K, used 13548K [0x00000000c1e00000, 0x00000000c4900000, 0x00000000eb500000)
  object space 44032K, 30% used [0x00000000c1e00000,0x00000000c2b3b110,0x00000000c4900000)
 Metaspace       used 18460K, capacity 19042K, committed 19200K, reserved 1067008K
  class space    used 2332K, capacity 2502K, committed 2560K, reserved 1048576K
Event: 7.269 GC heap after
Heap after GC invocations=9 (full 0):
 PSYoungGen      total 64512K, used 1296K [0x00000000eb500000, 0x00000000f0280000, 0x0000000100000000)
  eden space 62976K, 0% used [0x00000000eb500000,0x00000000eb500000,0x00000000ef280000)
  from space 1536K, 84% used [0x00000000ef500000,0x00000000ef644010,0x00000000ef680000)
  to   space 8192K, 0% used [0x00000000efa80000,0x00000000efa80000,0x00000000f0280000)
 ParOldGen       total 44032K, used 13556K [0x00000000c1e00000, 0x00000000c4900000, 0x00000000eb500000)
  object space 44032K, 30% used [0x00000000c1e00000,0x00000000c2b3d110,0x00000000c4900000)
 Metaspace       used 18460K, capacity 19042K, committed 19200K, reserved 1067008K
  class space    used 2332K, capacity 2502K, committed 2560K, reserved 1048576K
}
Event: 8.134 GC heap before
{Heap before GC invocations=10 (full 0):
 PSYoungGen      total 64512K, used 63358K [0x00000000eb500000, 0x00000000f0280000, 0x0000000100000000)
  eden space 62976K, 98% used [0x00000000eb500000,0x00000000ef19bbb8,0x00000000ef280000)
  from space 1536K, 84% used [0x00000000ef500000,0x00000000ef644010,0x00000000ef680000)
  to   space 8192K, 0% used [0x00000000efa80000,0x00000000efa80000,0x00000000f0280000)
 ParOldGen       total 44032K, used 13556K [0x00000000c1e00000, 0x00000000c4900000, 0x00000000eb500000)
  object space 44032K, 30% used [0x00000000c1e00000,0x00000000c2b3d110,0x00000000c4900000)
 Metaspace       used 18567K, capacity 19108K, committed 19456K, reserved 1067008K
  class space    used 2333K, capacity 2503K, committed 2560K, reserved 1048576K
Event: 8.135 GC heap after
Heap after GC invocations=10 (full 0):
 PSYoungGen      total 67072K, used 1296K [0x00000000eb500000, 0x00000000f0080000, 0x0000000100000000)
  eden space 60928K, 0% used [0x00000000eb500000,0x00000000eb500000,0x00000000ef080000)
  from space 6144K, 21% used [0x00000000efa80000,0x00000000efbc4010,0x00000000f0080000)
  to   space 8192K, 0% used [0x00000000ef080000,0x00000000ef080000,0x00000000ef880000)
 ParOldGen       total 44032K, used 13572K [0x00000000c1e00000, 0x00000000c4900000, 0x00000000eb500000)
  object space 44032K, 30% used [0x00000000c1e00000,0x00000000c2b41110,0x00000000c4900000)
 Metaspace       used 18567K, capacity 19108K, committed 19456K, reserved 1067008K
  class space    used 2333K, capacity 2503K, committed 2560K, reserved 1048576K
}

