# JRE version: Java(TM) SE Runtime Environment (8.0_51-b16) (build 1.8.0_51-b16)
# Java VM: Java HotSpot(TM) 64-Bit Server VM (25.51-b03 mixed mode windows-amd64 compressed oops)
Heap:
 PSYoungGen      total 103424K, used 43868K [0x00000000eb500000, 0x00000000f2b80000, 0x0000000100000000)
  eden space 100864K, 41% used [0x00000000eb500000,0x00000000edd67030,0x00000000f1780000)
  from space 2560K, 97% used [0x00000000f1b80000,0x00000000f1df0020,0x00000000f1e00000)
  to   space 10240K, 0% used [0x00000000f2180000,0x00000000f2180000,0x00000000f2b80000)
 ParOldGen       total 44032K, used 22008K [0x00000000c1e00000, 0x00000000c4900000, 0x00000000eb500000)
  object space 44032K, 49% used [0x00000000c1e00000,0x00000000c337e2c0,0x00000000c4900000)
 Metaspace       used 18771K, capacity 19332K, committed 19456K, reserved 1067008K
  class space    used 2341K, capacity 2507K, committed 2560K, reserved 1048576K
GC Heap History (10 events):
Event: 7.503 GC heap before
{Heap before GC invocations=7 (full 0):
 PSYoungGen      total 43008K, used 38115K [0x00000000eb500000, 0x00000000eea00000, 0x0000000100000000)
  eden space 32768K, 97% used [0x00000000eb500000,0x00000000ed421bd8,0x00000000ed500000)
  from space 10240K, 60% used [0x00000000ee000000,0x00000000ee617060,0x00000000eea00000)
  to   space 10752K, 0% used [0x00000000ed500000,0x00000000ed500000,0x00000000edf80000)
 ParOldGen       total 44032K, used 17006K [0x00000000c1e00000, 0x00000000c4900000, 0x00000000eb500000)
  object space 44032K, 38% used [0x00000000c1e00000,0x00000000c2e9bae0,0x00000000c4900000)
 Metaspace       used 18404K, capacity 18978K, committed 19200K, reserved 1067008K
  class space    used 2337K, capacity 2502K, committed 2560K, reserved 1048576K
Event: 7.509 GC heap after
Heap after GC invocations=7 (full 0):
 PSYoungGen      total 43520K, used 5356K [0x00000000eb500000, 0x00000000f0900000, 0x0000000100000000)
  eden space 32768K, 0% used [0x00000000eb500000,0x00000000eb500000,0x00000000ed500000)
  from space 10752K, 49% used [0x00000000ed500000,0x00000000eda3b050,0x00000000edf80000)
  to   space 10240K, 0% used [0x00000000eff00000,0x00000000eff00000,0x00000000f0900000)
 ParOldGen       total 44032K, used 17864K [0x00000000c1e00000, 0x00000000c4900000, 0x00000000eb500000)
  object space 44032K, 40% used [0x00000000c1e00000,0x00000000c2f72270,0x00000000c4900000)
 Metaspace       used 18404K, capacity 18978K, committed 19200K, reserved 1067008K
  class space    used 2337K, capacity 2502K, committed 2560K, reserved 1048576K
}
Event: 7.957 GC heap before
{Heap before GC invocations=8 (full 0):
 PSYoungGen      total 43520K, used 37313K [0x00000000eb500000, 0x00000000f0900000, 0x0000000100000000)
  eden space 32768K, 97% used [0x00000000eb500000,0x00000000ed4354c8,0x00000000ed500000)
  from space 10752K, 49% used [0x00000000ed500000,0x00000000eda3b050,0x00000000edf80000)
  to   space 10240K, 0% used [0x00000000eff00000,0x00000000eff00000,0x00000000f0900000)
 ParOldGen       total 44032K, used 17864K [0x00000000c1e00000, 0x00000000c4900000, 0x00000000eb500000)
  object space 44032K, 40% used [0x00000000c1e00000,0x00000000c2f72270,0x00000000c4900000)
 Metaspace       used 18421K, capacity 18978K, committed 19200K, reserved 1067008K
  class space    used 2337K, capacity 2502K, committed 2560K, reserved 1048576K
Event: 7.962 GC heap after
Heap after GC invocations=8 (full 0):
 PSYoungGen      total 74752K, used 6096K [0x00000000eb500000, 0x00000000f0800000, 0x0000000100000000)
  eden space 65536K, 0% used [0x00000000eb500000,0x00000000eb500000,0x00000000ef500000)
  from space 9216K, 66% used [0x00000000eff00000,0x00000000f04f4050,0x00000000f0800000)
  to   space 9728K, 0% used [0x00000000ef500000,0x00000000ef500000,0x00000000efe80000)
 ParOldGen       total 44032K, used 18352K [0x00000000c1e00000, 0x00000000c4900000, 0x00000000eb500000)
  object space 44032K, 41% used [0x00000000c1e00000,0x00000000c2fec290,0x00000000c4900000)
 Metaspace       used 18421K, capacity 18978K, committed 19200K, reserved 1067008K
  class space    used 2337K, capacity 2502K, committed 2560K, reserved 1048576K
}
Event: 8.889 GC heap before
{Heap before GC invocations=9 (full 0):
 PSYoungGen      total 74752K, used 71204K [0x00000000eb500000, 0x00000000f0800000, 0x0000000100000000)
  eden space 65536K, 99% used [0x00000000eb500000,0x00000000ef4951d0,0x00000000ef500000)
  from space 9216K, 66% used [0x00000000eff00000,0x00000000f04f4050,0x00000000f0800000)
  to   space 9728K, 0% used [0x00000000ef500000,0x00000000ef500000,0x00000000efe80000)
 ParOldGen       total 44032K, used 18352K [0x00000000c1e00000, 0x00000000c4900000, 0x00000000eb500000)
  object space 44032K, 41% used [0x00000000c1e00000,0x00000000c2fec290,0x00000000c4900000)
 Metaspace       used 18503K, capacity 19044K, committed 19200K, reserved 1067008K
  class space    used 2338K, capacity 2503K, committed 2560K, reserved 1048576K
Event: 8.892 GC heap after
Heap after GC invocations=9 (full 0):
 PSYoungGen      total 75264K, used 1296K [0x00000000eb500000, 0x00000000f2f80000, 0x0000000100000000)
  eden space 65536K, 0% used [0x00000000eb500000,0x00000000eb500000,0x00000000ef500000)
  from space 9728K, 13% used [0x00000000ef500000,0x00000000ef644010,0x00000000efe80000)
  to   space 10240K, 0% used [0x00000000f2580000,0x00000000f2580000,0x00000000f2f80000)
 ParOldGen       total 44032K, used 20768K [0x00000000c1e00000, 0x00000000c4900000, 0x00000000eb500000)
  object space 44032K, 47% used [0x00000000c1e00000,0x00000000c32482b0,0x00000000c4900000)
 Metaspace       used 18503K, capacity 19044K, committed 19200K, reserved 1067008K
  class space    used 2338K, capacity 2503K, committed 2560K, reserved 1048576K
}
Event: 9.780 GC heap before
{Heap before GC invocations=10 (full 0):
 PSYoungGen      total 75264K, used 66022K [0x00000000eb500000, 0x00000000f2f80000, 0x0000000100000000)
  eden space 65536K, 98% used [0x00000000eb500000,0x00000000ef435950,0x00000000ef500000)
  from space 9728K, 13% used [0x00000000ef500000,0x00000000ef644010,0x00000000efe80000)
  to   space 10240K, 0% used [0x00000000f2580000,0x00000000f2580000,0x00000000f2f80000)
 ParOldGen       total 44032K, used 20768K [0x00000000c1e00000, 0x00000000c4900000, 0x00000000eb500000)
  object space 44032K, 47% used [0x00000000c1e00000,0x00000000c32482b0,0x00000000c4900000)
 Metaspace       used 18553K, capacity 19120K, committed 19456K, reserved 1067008K
  class space    used 2340K, capacity 2505K, committed 2560K, reserved 1048576K
Event: 9.783 GC heap after
Heap after GC invocations=10 (full 0):
 PSYoungGen      total 115200K, used 3696K [0x00000000eb500000, 0x00000000f2f80000, 0x0000000100000000)
  eden space 104960K, 0% used [0x00000000eb500000,0x00000000eb500000,0x00000000f1b80000)
  from space 10240K, 36% used [0x00000000f2580000,0x00000000f291c030,0x00000000f2f80000)
  to   space 10240K, 0% used [0x00000000f1b80000,0x00000000f1b80000,0x00000000f2580000)
 ParOldGen       total 44032K, used 20784K [0x00000000c1e00000, 0x00000000c4900000, 0x00000000eb500000)
  object space 44032K, 47% used [0x00000000c1e00000,0x00000000c324c2b0,0x00000000c4900000)
 Metaspace       used 18553K, capacity 19120K, committed 19456K, reserved 1067008K
  class space    used 2340K, capacity 2505K, committed 2560K, reserved 1048576K
}
Event: 11.269 GC heap before
{Heap before GC invocations=11 (full 0):
 PSYoungGen      total 115200K, used 108645K [0x00000000eb500000, 0x00000000f2f80000, 0x0000000100000000)
  eden space 104960K, 99% used [0x00000000eb500000,0x00000000f1b7d3d0,0x00000000f1b80000)
  from space 10240K, 36% used [0x00000000f2580000,0x00000000f291c030,0x00000000f2f80000)
  to   space 10240K, 0% used [0x00000000f1b80000,0x00000000f1b80000,0x00000000f2580000)
 ParOldGen       total 44032K, used 20784K [0x00000000c1e00000, 0x00000000c4900000, 0x00000000eb500000)
  object space 44032K, 47% used [0x00000000c1e00000,0x00000000c324c2b0,0x00000000c4900000)
 Metaspace       used 18627K, capacity 19120K, committed 19456K, reserved 1067008K
  class space    used 2340K, capacity 2505K, committed 2560K, reserved 1048576K
Event: 11.273 GC heap after
Heap after GC invocations=11 (full 0):
 PSYoungGen      total 103424K, used 2496K [0x00000000eb500000, 0x00000000f2b80000, 0x0000000100000000)
  eden space 100864K, 0% used [0x00000000eb500000,0x00000000eb500000,0x00000000f1780000)
  from space 2560K, 97% used [0x00000000f1b80000,0x00000000f1df0020,0x00000000f1e00000)
  to   space 10240K, 0% used [0x00000000f2180000,0x00000000f2180000,0x00000000f2b80000)
 ParOldGen       total 44032K, used 22008K [0x00000000c1e00000, 0x00000000c4900000, 0x00000000eb500000)
  object space 44032K, 49% used [0x00000000c1e00000,0x00000000c337e2c0,0x00000000c4900000)
 Metaspace       used 18627K, capacity 19120K, committed 19456K, reserved 1067008K
  class space    used 2340K, capacity 2505K, committed 2560K, reserved 1048576K
}

