# JRE version: Java(TM) SE Runtime Environment (8.0_51-b16) (build 1.8.0_51-b16)
# Java VM: Java HotSpot(TM) 64-Bit Server VM (25.51-b03 mixed mode windows-amd64 compressed oops)
Heap:
 PSYoungGen      total 41984K, used 20158K [0x00000000eb500000, 0x00000000f0600000, 0x0000000100000000)
  eden space 32768K, 52% used [0x00000000eb500000,0x00000000ec5cca50,0x00000000ed500000)
  from space 9216K, 32% used [0x00000000ed500000,0x00000000ed7e3030,0x00000000ede00000)
  to   space 8704K, 0% used [0x00000000efd80000,0x00000000efd80000,0x00000000f0600000)
 ParOldGen       total 44032K, used 14600K [0x00000000c1e00000, 0x00000000c4900000, 0x00000000eb500000)
  object space 44032K, 33% used [0x00000000c1e00000,0x00000000c2c42120,0x00000000c4900000)
 Metaspace       used 18528K, capacity 19054K, committed 19200K, reserved 1067008K
  class space    used 2334K, capacity 2504K, committed 2560K, reserved 1048576K
GC Heap History (10 events):
Event: 6.255 GC heap before
{Heap before GC invocations=3 (full 0):
 PSYoungGen      total 18944K, used 18930K [0x00000000eb500000, 0x00000000eca00000, 0x0000000100000000)
  eden space 16384K, 100% used [0x00000000eb500000,0x00000000ec500000,0x00000000ec500000)
  from space 2560K, 99% used [0x00000000ec780000,0x00000000ec9fcaa0,0x00000000eca00000)
  to   space 2560K, 0% used [0x00000000ec500000,0x00000000ec500000,0x00000000ec780000)
 ParOldGen       total 44032K, used 3800K [0x00000000c1e00000, 0x00000000c4900000, 0x00000000eb500000)
  object space 44032K, 8% used [0x00000000c1e00000,0x00000000c21b6290,0x00000000c4900000)
 Metaspace       used 16667K, capacity 17210K, committed 17408K, reserved 1064960K
  class space    used 2138K, capacity 2276K, committed 2304K, reserved 1048576K
Event: 6.260 GC heap after
Heap after GC invocations=3 (full 0):
 PSYoungGen      total 18944K, used 2528K [0x00000000eb500000, 0x00000000eca00000, 0x0000000100000000)
  eden space 16384K, 0% used [0x00000000eb500000,0x00000000eb500000,0x00000000ec500000)
  from space 2560K, 98% used [0x00000000ec500000,0x00000000ec778020,0x00000000ec780000)
  to   space 2560K, 0% used [0x00000000ec780000,0x00000000ec780000,0x00000000eca00000)
 ParOldGen       total 44032K, used 4836K [0x00000000c1e00000, 0x00000000c4900000, 0x00000000eb500000)
  object space 44032K, 10% used [0x00000000c1e00000,0x00000000c22b9290,0x00000000c4900000)
 Metaspace       used 16667K, capacity 17210K, committed 17408K, reserved 1064960K
  class space    used 2138K, capacity 2276K, committed 2304K, reserved 1048576K
}
Event: 6.482 GC heap before
{Heap before GC invocations=4 (full 0):
 PSYoungGen      total 18944K, used 17822K [0x00000000eb500000, 0x00000000eca00000, 0x0000000100000000)
  eden space 16384K, 93% used [0x00000000eb500000,0x00000000ec3efa78,0x00000000ec500000)
  from space 2560K, 98% used [0x00000000ec500000,0x00000000ec778020,0x00000000ec780000)
  to   space 2560K, 0% used [0x00000000ec780000,0x00000000ec780000,0x00000000eca00000)
 ParOldGen       total 44032K, used 4836K [0x00000000c1e00000, 0x00000000c4900000, 0x00000000eb500000)
  object space 44032K, 10% used [0x00000000c1e00000,0x00000000c22b9290,0x00000000c4900000)
 Metaspace       used 18368K, capacity 18978K, committed 19200K, reserved 1067008K
  class space    used 2333K, capacity 2502K, committed 2560K, reserved 1048576K
Event: 6.488 GC heap after
Heap after GC invocations=4 (full 0):
 PSYoungGen      total 18944K, used 2556K [0x00000000eb500000, 0x00000000eca00000, 0x0000000100000000)
  eden space 16384K, 0% used [0x00000000eb500000,0x00000000eb500000,0x00000000ec500000)
  from space 2560K, 99% used [0x00000000ec780000,0x00000000ec9ff040,0x00000000eca00000)
  to   space 2560K, 0% used [0x00000000ec500000,0x00000000ec500000,0x00000000ec780000)
 ParOldGen       total 44032K, used 10118K [0x00000000c1e00000, 0x00000000c4900000, 0x00000000eb500000)
  object space 44032K, 22% used [0x00000000c1e00000,0x00000000c27e1960,0x00000000c4900000)
 Metaspace       used 18368K, capacity 18978K, committed 19200K, reserved 1067008K
  class space    used 2333K, capacity 2502K, committed 2560K, reserved 1048576K
}
Event: 6.722 GC heap before
{Heap before GC invocations=5 (full 0):
 PSYoungGen      total 18944K, used 18554K [0x00000000eb500000, 0x00000000eca00000, 0x0000000100000000)
  eden space 16384K, 97% used [0x00000000eb500000,0x00000000ec49fa50,0x00000000ec500000)
  from space 2560K, 99% used [0x00000000ec780000,0x00000000ec9ff040,0x00000000eca00000)
  to   space 2560K, 0% used [0x00000000ec500000,0x00000000ec500000,0x00000000ec780000)
 ParOldGen       total 44032K, used 10118K [0x00000000c1e00000, 0x00000000c4900000, 0x00000000eb500000)
  object space 44032K, 22% used [0x00000000c1e00000,0x00000000c27e1960,0x00000000c4900000)
 Metaspace       used 18374K, capacity 18978K, committed 19200K, reserved 1067008K
  class space    used 2333K, capacity 2502K, committed 2560K, reserved 1048576K
Event: 6.727 GC heap after
Heap after GC invocations=5 (full 0):
 PSYoungGen      total 18944K, used 2556K [0x00000000eb500000, 0x00000000ee700000, 0x0000000100000000)
  eden space 16384K, 0% used [0x00000000eb500000,0x00000000eb500000,0x00000000ec500000)
  from space 2560K, 99% used [0x00000000ec500000,0x00000000ec77f020,0x00000000ec780000)
  to   space 9216K, 0% used [0x00000000ede00000,0x00000000ede00000,0x00000000ee700000)
 ParOldGen       total 44032K, used 13750K [0x00000000c1e00000, 0x00000000c4900000, 0x00000000eb500000)
  object space 44032K, 31% used [0x00000000c1e00000,0x00000000c2b6d9a0,0x00000000c4900000)
 Metaspace       used 18374K, capacity 18978K, committed 19200K, reserved 1067008K
  class space    used 2333K, capacity 2502K, committed 2560K, reserved 1048576K
}
Event: 6.941 GC heap before
{Heap before GC invocations=6 (full 0):
 PSYoungGen      total 18944K, used 18634K [0x00000000eb500000, 0x00000000ee700000, 0x0000000100000000)
  eden space 16384K, 98% used [0x00000000eb500000,0x00000000ec4b3848,0x00000000ec500000)
  from space 2560K, 99% used [0x00000000ec500000,0x00000000ec77f020,0x00000000ec780000)
  to   space 9216K, 0% used [0x00000000ede00000,0x00000000ede00000,0x00000000ee700000)
 ParOldGen       total 44032K, used 13750K [0x00000000c1e00000, 0x00000000c4900000, 0x00000000eb500000)
  object space 44032K, 31% used [0x00000000c1e00000,0x00000000c2b6d9a0,0x00000000c4900000)
 Metaspace       used 18387K, capacity 18978K, committed 19200K, reserved 1067008K
  class space    used 2333K, capacity 2502K, committed 2560K, reserved 1048576K
Event: 6.945 GC heap after
Heap after GC invocations=6 (full 0):
 PSYoungGen      total 41984K, used 3820K [0x00000000eb500000, 0x00000000ee700000, 0x0000000100000000)
  eden space 32768K, 0% used [0x00000000eb500000,0x00000000eb500000,0x00000000ed500000)
  from space 9216K, 41% used [0x00000000ede00000,0x00000000ee1bb030,0x00000000ee700000)
  to   space 9216K, 0% used [0x00000000ed500000,0x00000000ed500000,0x00000000ede00000)
 ParOldGen       total 44032K, used 13750K [0x00000000c1e00000, 0x00000000c4900000, 0x00000000eb500000)
  object space 44032K, 31% used [0x00000000c1e00000,0x00000000c2b6d9a0,0x00000000c4900000)
 Metaspace       used 18387K, capacity 18978K, committed 19200K, reserved 1067008K
  class space    used 2333K, capacity 2502K, committed 2560K, reserved 1048576K
}
Event: 7.402 GC heap before
{Heap before GC invocations=7 (full 0):
 PSYoungGen      total 41984K, used 35759K [0x00000000eb500000, 0x00000000ee700000, 0x0000000100000000)
  eden space 32768K, 97% used [0x00000000eb500000,0x00000000ed430bd0,0x00000000ed500000)
  from space 9216K, 41% used [0x00000000ede00000,0x00000000ee1bb030,0x00000000ee700000)
  to   space 9216K, 0% used [0x00000000ed500000,0x00000000ed500000,0x00000000ede00000)
 ParOldGen       total 44032K, used 13750K [0x00000000c1e00000, 0x00000000c4900000, 0x00000000eb500000)
  object space 44032K, 31% used [0x00000000c1e00000,0x00000000c2b6d9a0,0x00000000c4900000)
 Metaspace       used 18428K, capacity 18978K, committed 19200K, reserved 1067008K
  class space    used 2333K, capacity 2502K, committed 2560K, reserved 1048576K
Event: 7.411 GC heap after
Heap after GC invocations=7 (full 0):
 PSYoungGen      total 41984K, used 2956K [0x00000000eb500000, 0x00000000f0600000, 0x0000000100000000)
  eden space 32768K, 0% used [0x00000000eb500000,0x00000000eb500000,0x00000000ed500000)
  from space 9216K, 32% used [0x00000000ed500000,0x00000000ed7e3030,0x00000000ede00000)
  to   space 8704K, 0% used [0x00000000efd80000,0x00000000efd80000,0x00000000f0600000)
 ParOldGen       total 44032K, used 14600K [0x00000000c1e00000, 0x00000000c4900000, 0x00000000eb500000)
  object space 44032K, 33% used [0x00000000c1e00000,0x00000000c2c42120,0x00000000c4900000)
 Metaspace       used 18428K, capacity 18978K, committed 19200K, reserved 1067008K
  class space    used 2333K, capacity 2502K, committed 2560K, reserved 1048576K
}

