# JRE version: Java(TM) SE Runtime Environment (8.0_51-b16) (build 1.8.0_51-b16)
# Java VM: Java HotSpot(TM) 64-Bit Server VM (25.51-b03 mixed mode windows-amd64 compressed oops)
Heap:
 PSYoungGen      total 61440K, used 58951K [0x00000000eb500000, 0x00000000f1e80000, 0x0000000100000000)
  eden space 58880K, 95% used [0x00000000eb500000,0x00000000eec21c08,0x00000000eee80000)
  from space 2560K, 97% used [0x00000000f1c00000,0x00000000f1e70020,0x00000000f1e80000)
  to   space 8704K, 0% used [0x00000000f0d80000,0x00000000f0d80000,0x00000000f1600000)
 ParOldGen       total 44032K, used 19948K [0x00000000c1e00000, 0x00000000c4900000, 0x00000000eb500000)
  object space 44032K, 45% used [0x00000000c1e00000,0x00000000c317b170,0x00000000c4900000)
 Metaspace       used 18735K, capacity 19344K, committed 19456K, reserved 1067008K
  class space    used 2338K, capacity 2505K, committed 2560K, reserved 1048576K
GC Heap History (10 events):
Event: 7.736 GC heap before
{Heap before GC invocations=8 (full 0):
 PSYoungGen      total 41472K, used 36092K [0x00000000eb500000, 0x00000000f0600000, 0x0000000100000000)
  eden space 32768K, 97% used [0x00000000eb500000,0x00000000ed428170,0x00000000ed500000)
  from space 8704K, 48% used [0x00000000ed500000,0x00000000ed917040,0x00000000edd80000)
  to   space 8704K, 0% used [0x00000000efd80000,0x00000000efd80000,0x00000000f0600000)
 ParOldGen       total 44032K, used 14572K [0x00000000c1e00000, 0x00000000c4900000, 0x00000000eb500000)
  object space 44032K, 33% used [0x00000000c1e00000,0x00000000c2c3b110,0x00000000c4900000)
 Metaspace       used 18411K, capacity 18978K, committed 19200K, reserved 1067008K
  class space    used 2336K, capacity 2502K, committed 2560K, reserved 1048576K
Event: 7.739 GC heap after
Heap after GC invocations=8 (full 0):
 PSYoungGen      total 73216K, used 3696K [0x00000000eb500000, 0x00000000f0500000, 0x0000000100000000)
  eden space 65536K, 0% used [0x00000000eb500000,0x00000000eb500000,0x00000000ef500000)
  from space 7680K, 48% used [0x00000000efd80000,0x00000000f011c030,0x00000000f0500000)
  to   space 8192K, 0% used [0x00000000ef500000,0x00000000ef500000,0x00000000efd00000)
 ParOldGen       total 44032K, used 15092K [0x00000000c1e00000, 0x00000000c4900000, 0x00000000eb500000)
  object space 44032K, 34% used [0x00000000c1e00000,0x00000000c2cbd130,0x00000000c4900000)
 Metaspace       used 18411K, capacity 18978K, committed 19200K, reserved 1067008K
  class space    used 2336K, capacity 2502K, committed 2560K, reserved 1048576K
}
Event: 8.653 GC heap before
{Heap before GC invocations=9 (full 0):
 PSYoungGen      total 73216K, used 68662K [0x00000000eb500000, 0x00000000f0500000, 0x0000000100000000)
  eden space 65536K, 99% used [0x00000000eb500000,0x00000000ef471b10,0x00000000ef500000)
  from space 7680K, 48% used [0x00000000efd80000,0x00000000f011c030,0x00000000f0500000)
  to   space 8192K, 0% used [0x00000000ef500000,0x00000000ef500000,0x00000000efd00000)
 ParOldGen       total 44032K, used 15092K [0x00000000c1e00000, 0x00000000c4900000, 0x00000000eb500000)
  object space 44032K, 34% used [0x00000000c1e00000,0x00000000c2cbd130,0x00000000c4900000)
 Metaspace       used 18483K, capacity 19042K, committed 19200K, reserved 1067008K
  class space    used 2336K, capacity 2502K, committed 2560K, reserved 1048576K
Event: 8.657 GC heap after
Heap after GC invocations=9 (full 0):
 PSYoungGen      total 73728K, used 1296K [0x00000000eb500000, 0x00000000f2c80000, 0x0000000100000000)
  eden space 65536K, 0% used [0x00000000eb500000,0x00000000eb500000,0x00000000ef500000)
  from space 8192K, 15% used [0x00000000ef500000,0x00000000ef644010,0x00000000efd00000)
  to   space 8704K, 0% used [0x00000000f2400000,0x00000000f2400000,0x00000000f2c80000)
 ParOldGen       total 44032K, used 17508K [0x00000000c1e00000, 0x00000000c4900000, 0x00000000eb500000)
  object space 44032K, 39% used [0x00000000c1e00000,0x00000000c2f19150,0x00000000c4900000)
 Metaspace       used 18483K, capacity 19042K, committed 19200K, reserved 1067008K
  class space    used 2336K, capacity 2502K, committed 2560K, reserved 1048576K
}
Event: 9.562 GC heap before
{Heap before GC invocations=10 (full 0):
 PSYoungGen      total 73728K, used 66030K [0x00000000eb500000, 0x00000000f2c80000, 0x0000000100000000)
  eden space 65536K, 98% used [0x00000000eb500000,0x00000000ef437990,0x00000000ef500000)
  from space 8192K, 15% used [0x00000000ef500000,0x00000000ef644010,0x00000000efd00000)
  to   space 8704K, 0% used [0x00000000f2400000,0x00000000f2400000,0x00000000f2c80000)
 ParOldGen       total 44032K, used 17508K [0x00000000c1e00000, 0x00000000c4900000, 0x00000000eb500000)
  object space 44032K, 39% used [0x00000000c1e00000,0x00000000c2f19150,0x00000000c4900000)
 Metaspace       used 18578K, capacity 19108K, committed 19456K, reserved 1067008K
  class space    used 2336K, capacity 2503K, committed 2560K, reserved 1048576K
Event: 9.565 GC heap after
Heap after GC invocations=10 (full 0):
 PSYoungGen      total 67072K, used 3696K [0x00000000eb500000, 0x00000000f2800000, 0x0000000100000000)
  eden space 62976K, 0% used [0x00000000eb500000,0x00000000eb500000,0x00000000ef280000)
  from space 4096K, 90% used [0x00000000f2400000,0x00000000f279c030,0x00000000f2800000)
  to   space 8704K, 0% used [0x00000000f1700000,0x00000000f1700000,0x00000000f1f80000)
 ParOldGen       total 44032K, used 17516K [0x00000000c1e00000, 0x00000000c4900000, 0x00000000eb500000)
  object space 44032K, 39% used [0x00000000c1e00000,0x00000000c2f1b150,0x00000000c4900000)
 Metaspace       used 18578K, capacity 19108K, committed 19456K, reserved 1067008K
  class space    used 2336K, capacity 2503K, committed 2560K, reserved 1048576K
}
Event: 10.450 GC heap before
{Heap before GC invocations=11 (full 0):
 PSYoungGen      total 67072K, used 66640K [0x00000000eb500000, 0x00000000f2800000, 0x0000000100000000)
  eden space 62976K, 99% used [0x00000000eb500000,0x00000000ef278160,0x00000000ef280000)
  from space 4096K, 90% used [0x00000000f2400000,0x00000000f279c030,0x00000000f2800000)
  to   space 8704K, 0% used [0x00000000f1700000,0x00000000f1700000,0x00000000f1f80000)
 ParOldGen       total 44032K, used 17516K [0x00000000c1e00000, 0x00000000c4900000, 0x00000000eb500000)
  object space 44032K, 39% used [0x00000000c1e00000,0x00000000c2f1b150,0x00000000c4900000)
 Metaspace       used 18615K, capacity 19172K, committed 19456K, reserved 1067008K
  class space    used 2336K, capacity 2503K, committed 2560K, reserved 1048576K
Event: 10.453 GC heap after
Heap after GC invocations=11 (full 0):
 PSYoungGen      total 62464K, used 1296K [0x00000000eb500000, 0x00000000f2480000, 0x0000000100000000)
  eden space 60928K, 0% used [0x00000000eb500000,0x00000000eb500000,0x00000000ef080000)
  from space 1536K, 84% used [0x00000000f1700000,0x00000000f1844010,0x00000000f1880000)
  to   space 8704K, 0% used [0x00000000f1c00000,0x00000000f1c00000,0x00000000f2480000)
 ParOldGen       total 44032K, used 18732K [0x00000000c1e00000, 0x00000000c4900000, 0x00000000eb500000)
  object space 44032K, 42% used [0x00000000c1e00000,0x00000000c304b160,0x00000000c4900000)
 Metaspace       used 18615K, capacity 19172K, committed 19456K, reserved 1067008K
  class space    used 2336K, capacity 2503K, committed 2560K, reserved 1048576K
}
Event: 11.289 GC heap before
{Heap before GC invocations=12 (full 0):
 PSYoungGen      total 62464K, used 61632K [0x00000000eb500000, 0x00000000f2480000, 0x0000000100000000)
  eden space 60928K, 99% used [0x00000000eb500000,0x00000000eefec2f0,0x00000000ef080000)
  from space 1536K, 84% used [0x00000000f1700000,0x00000000f1844010,0x00000000f1880000)
  to   space 8704K, 0% used [0x00000000f1c00000,0x00000000f1c00000,0x00000000f2480000)
 ParOldGen       total 44032K, used 18732K [0x00000000c1e00000, 0x00000000c4900000, 0x00000000eb500000)
  object space 44032K, 42% used [0x00000000c1e00000,0x00000000c304b160,0x00000000c4900000)
 Metaspace       used 18672K, capacity 19176K, committed 19456K, reserved 1067008K
  class space    used 2336K, capacity 2503K, committed 2560K, reserved 1048576K
Event: 11.292 GC heap after
Heap after GC invocations=12 (full 0):
 PSYoungGen      total 61440K, used 2496K [0x00000000eb500000, 0x00000000f1e80000, 0x0000000100000000)
  eden space 58880K, 0% used [0x00000000eb500000,0x00000000eb500000,0x00000000eee80000)
  from space 2560K, 97% used [0x00000000f1c00000,0x00000000f1e70020,0x00000000f1e80000)
  to   space 8704K, 0% used [0x00000000f0d80000,0x00000000f0d80000,0x00000000f1600000)
 ParOldGen       total 44032K, used 19948K [0x00000000c1e00000, 0x00000000c4900000, 0x00000000eb500000)
  object space 44032K, 45% used [0x00000000c1e00000,0x00000000c317b170,0x00000000c4900000)
 Metaspace       used 18672K, capacity 19176K, committed 19456K, reserved 1067008K
  class space    used 2336K, capacity 2503K, committed 2560K, reserved 1048576K
}

